
*** Running vivado
    with args -log design_1_ov7670_interface_0_0.vds -m64 -product Vivado -mode batch -messageDb vivado.pb -notrace -source design_1_ov7670_interface_0_0.tcl


****** Vivado v2023.2 (64-bit)
  **** SW Build 4029153 on Fri Oct 13 20:13:54 MDT 2023
  **** IP Build 4028589 on Sat Oct 14 00:45:43 MDT 2023
  **** SharedData Build 4025554 on Tue Oct 10 17:18:54 MDT 2023
    ** Copyright 1986-2022 Xilinx, Inc. All Rights Reserved.
    ** Copyright 2022-2023 Advanced Micro Devices, Inc. All Rights Reserved.

source design_1_ov7670_interface_0_0.tcl -notrace
create_project: Time (s): cpu = 00:00:10 ; elapsed = 00:00:10 . Memory (MB): peak = 1344.375 ; gain = 0.023 ; free physical = 2708 ; free virtual = 7687
INFO: [IP_Flow 19-234] Refreshing IP repositories
INFO: [IP_Flow 19-1700] Loaded user IP repository '/home/adrian/github_repos/OV7670-PynqZ2/Progetto/vivado-library-master'.
INFO: [IP_Flow 19-1700] Loaded user IP repository '/home/adrian/github_repos/OV7670-PynqZ2/Progetto/HLS'.
INFO: [IP_Flow 19-2313] Loaded Vivado IP repository '/home/adrian/Xilinx/Vivado/2023.2/data/ip'.
INFO: [IP_Flow 19-6924] IPCACHE: Running cache check for IP inst: design_1_ov7670_interface_0_0
Command: synth_design -top design_1_ov7670_interface_0_0 -part xc7z020clg400-1 -incremental_mode off -mode out_of_context
Starting synth_design
Attempting to get a license for feature 'Synthesis' and/or device 'xc7z020'
INFO: [Common 17-349] Got license for feature 'Synthesis' and/or device 'xc7z020'
INFO: [Device 21-403] Loading part xc7z020clg400-1
INFO: [Synth 8-7079] Multithreading enabled for synth_design using a maximum of 4 processes.
INFO: [Synth 8-7078] Launching helper process for spawning children vivado processes
INFO: [Synth 8-7075] Helper process launched with PID 52248
---------------------------------------------------------------------------------
Starting RTL Elaboration : Time (s): cpu = 00:00:06 ; elapsed = 00:00:06 . Memory (MB): peak = 2122.309 ; gain = 403.715 ; free physical = 459 ; free virtual = 5445
---------------------------------------------------------------------------------
INFO: [Synth 8-6157] synthesizing module 'design_1_ov7670_interface_0_0' [/home/adrian/github_repos/OV7670-PynqZ2/Progetto/OV7670-pynq/OV7670-pynq.gen/sources_1/bd/design_1/ip/design_1_ov7670_interface_0_0/synth/design_1_ov7670_interface_0_0.v:53]
INFO: [Synth 8-6157] synthesizing module 'ov7670_interface' [/home/adrian/github_repos/OV7670-PynqZ2/Progetto/OV7670-pynq/OV7670-pynq.gen/sources_1/bd/design_1/ipshared/d250/hdl/verilog/ov7670_interface.v:10]
INFO: [Synth 8-6155] done synthesizing module 'ov7670_interface' (0#1) [/home/adrian/github_repos/OV7670-PynqZ2/Progetto/OV7670-pynq/OV7670-pynq.gen/sources_1/bd/design_1/ipshared/d250/hdl/verilog/ov7670_interface.v:10]
INFO: [Synth 8-6155] done synthesizing module 'design_1_ov7670_interface_0_0' (0#1) [/home/adrian/github_repos/OV7670-PynqZ2/Progetto/OV7670-pynq/OV7670-pynq.gen/sources_1/bd/design_1/ip/design_1_ov7670_interface_0_0/synth/design_1_ov7670_interface_0_0.v:53]
---------------------------------------------------------------------------------
Finished RTL Elaboration : Time (s): cpu = 00:00:08 ; elapsed = 00:00:08 . Memory (MB): peak = 2208.277 ; gain = 489.684 ; free physical = 322 ; free virtual = 5312
---------------------------------------------------------------------------------
---------------------------------------------------------------------------------
Start Handling Custom Attributes
---------------------------------------------------------------------------------
---------------------------------------------------------------------------------
Finished Handling Custom Attributes : Time (s): cpu = 00:00:08 ; elapsed = 00:00:08 . Memory (MB): peak = 2223.121 ; gain = 504.527 ; free physical = 320 ; free virtual = 5310
---------------------------------------------------------------------------------
---------------------------------------------------------------------------------
Finished RTL Optimization Phase 1 : Time (s): cpu = 00:00:08 ; elapsed = 00:00:08 . Memory (MB): peak = 2223.121 ; gain = 504.527 ; free physical = 320 ; free virtual = 5310
---------------------------------------------------------------------------------
Netlist sorting complete. Time (s): cpu = 00:00:00 ; elapsed = 00:00:00 . Memory (MB): peak = 2223.121 ; gain = 0.000 ; free physical = 320 ; free virtual = 5310
INFO: [Project 1-570] Preparing netlist for logic optimization

Processing XDC Constraints
Initializing timing engine
Parsing XDC File [/home/adrian/github_repos/OV7670-PynqZ2/Progetto/OV7670-pynq/OV7670-pynq.gen/sources_1/bd/design_1/ip/design_1_ov7670_interface_0_0/constraints/ov7670_interface_ooc.xdc] for cell 'inst'
Finished Parsing XDC File [/home/adrian/github_repos/OV7670-PynqZ2/Progetto/OV7670-pynq/OV7670-pynq.gen/sources_1/bd/design_1/ip/design_1_ov7670_interface_0_0/constraints/ov7670_interface_ooc.xdc] for cell 'inst'
Parsing XDC File [/home/adrian/github_repos/OV7670-PynqZ2/Progetto/OV7670-pynq/OV7670-pynq.runs/design_1_ov7670_interface_0_0_synth_1/dont_touch.xdc]
Finished Parsing XDC File [/home/adrian/github_repos/OV7670-PynqZ2/Progetto/OV7670-pynq/OV7670-pynq.runs/design_1_ov7670_interface_0_0_synth_1/dont_touch.xdc]
Completed Processing XDC Constraints

Netlist sorting complete. Time (s): cpu = 00:00:00 ; elapsed = 00:00:00 . Memory (MB): peak = 2372.871 ; gain = 0.000 ; free physical = 190 ; free virtual = 5283
INFO: [Project 1-111] Unisim Transformation Summary:
No Unisim elements were transformed.

Constraint Validation Runtime : Time (s): cpu = 00:00:00.02 ; elapsed = 00:00:00.03 . Memory (MB): peak = 2372.906 ; gain = 0.000 ; free physical = 189 ; free virtual = 5282
INFO: [Designutils 20-5008] Incremental synthesis strategy off
---------------------------------------------------------------------------------
Finished Constraint Validation : Time (s): cpu = 00:00:16 ; elapsed = 00:00:16 . Memory (MB): peak = 2372.906 ; gain = 654.312 ; free physical = 234 ; free virtual = 5256
---------------------------------------------------------------------------------
---------------------------------------------------------------------------------
Start Loading Part and Timing Information
---------------------------------------------------------------------------------
Loading part: xc7z020clg400-1
---------------------------------------------------------------------------------
Finished Loading Part and Timing Information : Time (s): cpu = 00:00:16 ; elapsed = 00:00:16 . Memory (MB): peak = 2372.906 ; gain = 654.312 ; free physical = 234 ; free virtual = 5256
---------------------------------------------------------------------------------
---------------------------------------------------------------------------------
Start Applying 'set_property' XDC Constraints
---------------------------------------------------------------------------------
Applied set_property KEEP_HIERARCHY = SOFT for inst. (constraint file  /home/adrian/github_repos/OV7670-PynqZ2/Progetto/OV7670-pynq/OV7670-pynq.runs/design_1_ov7670_interface_0_0_synth_1/dont_touch.xdc, line 9).
---------------------------------------------------------------------------------
Finished applying 'set_property' XDC Constraints : Time (s): cpu = 00:00:16 ; elapsed = 00:00:16 . Memory (MB): peak = 2372.906 ; gain = 654.312 ; free physical = 234 ; free virtual = 5256
---------------------------------------------------------------------------------
---------------------------------------------------------------------------------
Finished RTL Optimization Phase 2 : Time (s): cpu = 00:00:16 ; elapsed = 00:00:16 . Memory (MB): peak = 2372.906 ; gain = 654.312 ; free physical = 232 ; free virtual = 5256
---------------------------------------------------------------------------------
---------------------------------------------------------------------------------
Start RTL Component Statistics 
---------------------------------------------------------------------------------
Detailed RTL Component Info : 
+---XORs : 
	   2 Input      1 Bit         XORs := 1     
+---Registers : 
	                1 Bit    Registers := 2     
+---Muxes : 
	   2 Input    8 Bit        Muxes := 1     
	   2 Input    1 Bit        Muxes := 2     
---------------------------------------------------------------------------------
Finished RTL Component Statistics 
---------------------------------------------------------------------------------
---------------------------------------------------------------------------------
Start Part Resource Summary
---------------------------------------------------------------------------------
Part Resources:
DSPs: 220 (col length:60)
BRAMs: 280 (col length: RAMB18 60 RAMB36 30)
---------------------------------------------------------------------------------
Finished Part Resource Summary
---------------------------------------------------------------------------------
---------------------------------------------------------------------------------
Start Cross Boundary and Area Optimization
---------------------------------------------------------------------------------
WARNING: [Synth 8-7080] Parallel synthesis criteria is not met
---------------------------------------------------------------------------------
Finished Cross Boundary and Area Optimization : Time (s): cpu = 00:00:18 ; elapsed = 00:00:18 . Memory (MB): peak = 2372.906 ; gain = 654.312 ; free physical = 217 ; free virtual = 5260
---------------------------------------------------------------------------------
---------------------------------------------------------------------------------
Start Applying XDC Timing Constraints
---------------------------------------------------------------------------------
---------------------------------------------------------------------------------
Finished Applying XDC Timing Constraints : Time (s): cpu = 00:00:24 ; elapsed = 00:00:24 . Memory (MB): peak = 2372.906 ; gain = 654.312 ; free physical = 460 ; free virtual = 5513
---------------------------------------------------------------------------------
---------------------------------------------------------------------------------
Start Timing Optimization
---------------------------------------------------------------------------------
---------------------------------------------------------------------------------
Finished Timing Optimization : Time (s): cpu = 00:00:24 ; elapsed = 00:00:24 . Memory (MB): peak = 2372.906 ; gain = 654.312 ; free physical = 459 ; free virtual = 5512
---------------------------------------------------------------------------------
---------------------------------------------------------------------------------
Start Technology Mapping
---------------------------------------------------------------------------------
---------------------------------------------------------------------------------
Finished Technology Mapping : Time (s): cpu = 00:00:24 ; elapsed = 00:00:24 . Memory (MB): peak = 2372.906 ; gain = 654.312 ; free physical = 455 ; free virtual = 5508
---------------------------------------------------------------------------------
---------------------------------------------------------------------------------
Start IO Insertion
---------------------------------------------------------------------------------
---------------------------------------------------------------------------------
Start Flattening Before IO Insertion
---------------------------------------------------------------------------------
---------------------------------------------------------------------------------
Finished Flattening Before IO Insertion
---------------------------------------------------------------------------------
---------------------------------------------------------------------------------
Start Final Netlist Cleanup
---------------------------------------------------------------------------------
---------------------------------------------------------------------------------
Finished Final Netlist Cleanup
---------------------------------------------------------------------------------
---------------------------------------------------------------------------------
Finished IO Insertion : Time (s): cpu = 00:00:29 ; elapsed = 00:00:29 . Memory (MB): peak = 2372.906 ; gain = 654.312 ; free physical = 1955 ; free virtual = 7087
---------------------------------------------------------------------------------
---------------------------------------------------------------------------------
Start Renaming Generated Instances
---------------------------------------------------------------------------------
---------------------------------------------------------------------------------
Finished Renaming Generated Instances : Time (s): cpu = 00:00:29 ; elapsed = 00:00:29 . Memory (MB): peak = 2372.906 ; gain = 654.312 ; free physical = 1955 ; free virtual = 7086
---------------------------------------------------------------------------------
---------------------------------------------------------------------------------
Start Rebuilding User Hierarchy
---------------------------------------------------------------------------------
---------------------------------------------------------------------------------
Finished Rebuilding User Hierarchy : Time (s): cpu = 00:00:29 ; elapsed = 00:00:29 . Memory (MB): peak = 2372.906 ; gain = 654.312 ; free physical = 1951 ; free virtual = 7083
---------------------------------------------------------------------------------
---------------------------------------------------------------------------------
Start Renaming Generated Ports
---------------------------------------------------------------------------------
---------------------------------------------------------------------------------
Finished Renaming Generated Ports : Time (s): cpu = 00:00:29 ; elapsed = 00:00:29 . Memory (MB): peak = 2372.906 ; gain = 654.312 ; free physical = 1951 ; free virtual = 7083
---------------------------------------------------------------------------------
---------------------------------------------------------------------------------
Start Handling Custom Attributes
---------------------------------------------------------------------------------
---------------------------------------------------------------------------------
Finished Handling Custom Attributes : Time (s): cpu = 00:00:29 ; elapsed = 00:00:29 . Memory (MB): peak = 2372.906 ; gain = 654.312 ; free physical = 1950 ; free virtual = 7082
---------------------------------------------------------------------------------
---------------------------------------------------------------------------------
Start Renaming Generated Nets
---------------------------------------------------------------------------------
---------------------------------------------------------------------------------
Finished Renaming Generated Nets : Time (s): cpu = 00:00:29 ; elapsed = 00:00:29 . Memory (MB): peak = 2372.906 ; gain = 654.312 ; free physical = 1950 ; free virtual = 7081
---------------------------------------------------------------------------------
---------------------------------------------------------------------------------
Start Writing Synthesis Report
---------------------------------------------------------------------------------

Report BlackBoxes: 
+-+--------------+----------+
| |BlackBox name |Instances |
+-+--------------+----------+
+-+--------------+----------+

Report Cell Usage: 
+------+-------+------+
|      |Cell   |Count |
+------+-------+------+
|1     |CARRY4 |    16|
|2     |LUT1   |     3|
|3     |LUT4   |    14|
|4     |LUT5   |    14|
|5     |LUT6   |     6|
|6     |FDRE   |    65|
+------+-------+------+
---------------------------------------------------------------------------------
Finished Writing Synthesis Report : Time (s): cpu = 00:00:29 ; elapsed = 00:00:29 . Memory (MB): peak = 2372.906 ; gain = 654.312 ; free physical = 1948 ; free virtual = 7080
---------------------------------------------------------------------------------
Synthesis finished with 0 errors, 0 critical warnings and 1 warnings.
Synthesis Optimization Runtime : Time (s): cpu = 00:00:27 ; elapsed = 00:00:27 . Memory (MB): peak = 2372.906 ; gain = 504.527 ; free physical = 1955 ; free virtual = 7087
Synthesis Optimization Complete : Time (s): cpu = 00:00:29 ; elapsed = 00:00:29 . Memory (MB): peak = 2372.906 ; gain = 654.312 ; free physical = 1955 ; free virtual = 7087
INFO: [Project 1-571] Translating synthesized netlist
Netlist sorting complete. Time (s): cpu = 00:00:00.01 ; elapsed = 00:00:00.01 . Memory (MB): peak = 2372.906 ; gain = 0.000 ; free physical = 2228 ; free virtual = 7359
INFO: [Netlist 29-17] Analyzing 16 Unisim elements for replacement
INFO: [Netlist 29-28] Unisim Transformation completed in 0 CPU seconds
INFO: [Project 1-570] Preparing netlist for logic optimization
INFO: [Opt 31-138] Pushed 0 inverter(s) to 0 load pin(s).
Netlist sorting complete. Time (s): cpu = 00:00:00 ; elapsed = 00:00:00 . Memory (MB): peak = 2372.906 ; gain = 0.000 ; free physical = 2206 ; free virtual = 7337
INFO: [Project 1-111] Unisim Transformation Summary:
No Unisim elements were transformed.

Synth Design complete | Checksum: 6f18948
INFO: [Common 17-83] Releasing license: Synthesis
24 Infos, 1 Warnings, 0 Critical Warnings and 0 Errors encountered.
synth_design completed successfully
synth_design: Time (s): cpu = 00:00:40 ; elapsed = 00:00:35 . Memory (MB): peak = 2372.906 ; gain = 1004.750 ; free physical = 2185 ; free virtual = 7297
INFO: [Common 17-2834] synth_design peak Physical Memory [PSS] (MB): overall = 1723.763; main = 1449.529; forked = 317.854
INFO: [Common 17-2834] synth_design peak Virtual Memory [VSS] (MB): overall = 3362.043; main = 2372.875; forked = 989.168
Write ShapeDB Complete: Time (s): cpu = 00:00:00 ; elapsed = 00:00:00 . Memory (MB): peak = 2396.883 ; gain = 0.000 ; free physical = 2152 ; free virtual = 7264
INFO: [Common 17-1381] The checkpoint '/home/adrian/github_repos/OV7670-PynqZ2/Progetto/OV7670-pynq/OV7670-pynq.runs/design_1_ov7670_interface_0_0_synth_1/design_1_ov7670_interface_0_0.dcp' has been generated.
INFO: [Coretcl 2-1648] Added synthesis output to IP cache for IP design_1_ov7670_interface_0_0, cache-ID = 441a08c0606d2451
Write ShapeDB Complete: Time (s): cpu = 00:00:00.01 ; elapsed = 00:00:00 . Memory (MB): peak = 2396.883 ; gain = 0.000 ; free physical = 2207 ; free virtual = 7304
INFO: [Common 17-1381] The checkpoint '/home/adrian/github_repos/OV7670-PynqZ2/Progetto/OV7670-pynq/OV7670-pynq.runs/design_1_ov7670_interface_0_0_synth_1/design_1_ov7670_interface_0_0.dcp' has been generated.
INFO: [runtcl-4] Executing : report_utilization -file design_1_ov7670_interface_0_0_utilization_synth.rpt -pb design_1_ov7670_interface_0_0_utilization_synth.pb
INFO: [Common 17-206] Exiting Vivado at Thu Apr 18 11:14:27 2024...
