
*** Running vivado
    with args -log design_1_clk_wiz_0_0.vds -m64 -product Vivado -mode batch -messageDb vivado.pb -notrace -source design_1_clk_wiz_0_0.tcl


****** Vivado v2023.2 (64-bit)
  **** SW Build 4029153 on Fri Oct 13 20:13:54 MDT 2023
  **** IP Build 4028589 on Sat Oct 14 00:45:43 MDT 2023
  **** SharedData Build 4025554 on Tue Oct 10 17:18:54 MDT 2023
    ** Copyright 1986-2022 Xilinx, Inc. All Rights Reserved.
    ** Copyright 2022-2023 Advanced Micro Devices, Inc. All Rights Reserved.

source design_1_clk_wiz_0_0.tcl -notrace
create_project: Time (s): cpu = 00:00:08 ; elapsed = 00:00:08 . Memory (MB): peak = 1344.375 ; gain = 0.023 ; free physical = 2345 ; free virtual = 7269
INFO: [IP_Flow 19-234] Refreshing IP repositories
INFO: [IP_Flow 19-1700] Loaded user IP repository '/home/adrian/github_repos/OV7670-PynqZ2/Progetto/vivado-library-master'.
INFO: [IP_Flow 19-1700] Loaded user IP repository '/home/adrian/github_repos/OV7670-PynqZ2/Progetto/HLS'.
INFO: [IP_Flow 19-2313] Loaded Vivado IP repository '/home/adrian/Xilinx/Vivado/2023.2/data/ip'.
INFO: [IP_Flow 19-6924] IPCACHE: Running cache check for IP inst: design_1_clk_wiz_0_0
Command: synth_design -top design_1_clk_wiz_0_0 -part xc7z020clg400-1 -incremental_mode off -mode out_of_context
Starting synth_design
Attempting to get a license for feature 'Synthesis' and/or device 'xc7z020'
INFO: [Common 17-349] Got license for feature 'Synthesis' and/or device 'xc7z020'
INFO: [Device 21-403] Loading part xc7z020clg400-1
INFO: [Synth 8-7079] Multithreading enabled for synth_design using a maximum of 4 processes.
INFO: [Synth 8-7078] Launching helper process for spawning children vivado processes
INFO: [Synth 8-7075] Helper process launched with PID 51446
---------------------------------------------------------------------------------
Starting RTL Elaboration : Time (s): cpu = 00:00:05 ; elapsed = 00:00:06 . Memory (MB): peak = 2121.285 ; gain = 402.660 ; free physical = 465 ; free virtual = 5372
---------------------------------------------------------------------------------
INFO: [Synth 8-6157] synthesizing module 'design_1_clk_wiz_0_0' [/home/adrian/github_repos/OV7670-PynqZ2/Progetto/OV7670-pynq/OV7670-pynq.gen/sources_1/bd/design_1/ip/design_1_clk_wiz_0_0/design_1_clk_wiz_0_0.v:66]
INFO: [Synth 8-6157] synthesizing module 'design_1_clk_wiz_0_0_clk_wiz' [/home/adrian/github_repos/OV7670-PynqZ2/Progetto/OV7670-pynq/OV7670-pynq.gen/sources_1/bd/design_1/ip/design_1_clk_wiz_0_0/design_1_clk_wiz_0_0_clk_wiz.v:66]
INFO: [Synth 8-6157] synthesizing module 'IBUF' [/home/adrian/Xilinx/Vivado/2023.2/scripts/rt/data/unisim_comp.v:73631]
INFO: [Synth 8-6155] done synthesizing module 'IBUF' (0#1) [/home/adrian/Xilinx/Vivado/2023.2/scripts/rt/data/unisim_comp.v:73631]
INFO: [Synth 8-6157] synthesizing module 'MMCME2_ADV' [/home/adrian/Xilinx/Vivado/2023.2/scripts/rt/data/unisim_comp.v:82174]
	Parameter BANDWIDTH bound to: OPTIMIZED - type: string 
	Parameter CLKFBOUT_MULT_F bound to: 48.000000 - type: double 
	Parameter CLKFBOUT_PHASE bound to: 0.000000 - type: double 
	Parameter CLKFBOUT_USE_FINE_PS bound to: FALSE - type: string 
	Parameter CLKIN1_PERIOD bound to: 10.000000 - type: double 
	Parameter CLKOUT0_DIVIDE_F bound to: 40.000000 - type: double 
	Parameter CLKOUT0_DUTY_CYCLE bound to: 0.500000 - type: double 
	Parameter CLKOUT0_PHASE bound to: 0.000000 - type: double 
	Parameter CLKOUT0_USE_FINE_PS bound to: FALSE - type: string 
	Parameter CLKOUT1_DIVIDE bound to: 20 - type: integer 
	Parameter CLKOUT1_DUTY_CYCLE bound to: 0.500000 - type: double 
	Parameter CLKOUT1_PHASE bound to: 0.000000 - type: double 
	Parameter CLKOUT1_USE_FINE_PS bound to: FALSE - type: string 
	Parameter CLKOUT4_CASCADE bound to: FALSE - type: string 
	Parameter COMPENSATION bound to: ZHOLD - type: string 
	Parameter DIVCLK_DIVIDE bound to: 5 - type: integer 
	Parameter STARTUP_WAIT bound to: FALSE - type: string 
INFO: [Synth 8-6155] done synthesizing module 'MMCME2_ADV' (0#1) [/home/adrian/Xilinx/Vivado/2023.2/scripts/rt/data/unisim_comp.v:82174]
INFO: [Synth 8-6157] synthesizing module 'BUFG' [/home/adrian/Xilinx/Vivado/2023.2/scripts/rt/data/unisim_comp.v:1951]
INFO: [Synth 8-6155] done synthesizing module 'BUFG' (0#1) [/home/adrian/Xilinx/Vivado/2023.2/scripts/rt/data/unisim_comp.v:1951]
INFO: [Synth 8-6155] done synthesizing module 'design_1_clk_wiz_0_0_clk_wiz' (0#1) [/home/adrian/github_repos/OV7670-PynqZ2/Progetto/OV7670-pynq/OV7670-pynq.gen/sources_1/bd/design_1/ip/design_1_clk_wiz_0_0/design_1_clk_wiz_0_0_clk_wiz.v:66]
INFO: [Synth 8-6155] done synthesizing module 'design_1_clk_wiz_0_0' (0#1) [/home/adrian/github_repos/OV7670-PynqZ2/Progetto/OV7670-pynq/OV7670-pynq.gen/sources_1/bd/design_1/ip/design_1_clk_wiz_0_0/design_1_clk_wiz_0_0.v:66]
---------------------------------------------------------------------------------
Finished RTL Elaboration : Time (s): cpu = 00:00:07 ; elapsed = 00:00:08 . Memory (MB): peak = 2209.223 ; gain = 490.598 ; free physical = 260 ; free virtual = 5182
---------------------------------------------------------------------------------
---------------------------------------------------------------------------------
Start Handling Custom Attributes
---------------------------------------------------------------------------------
---------------------------------------------------------------------------------
Finished Handling Custom Attributes : Time (s): cpu = 00:00:08 ; elapsed = 00:00:08 . Memory (MB): peak = 2224.066 ; gain = 505.441 ; free physical = 256 ; free virtual = 5177
---------------------------------------------------------------------------------
---------------------------------------------------------------------------------
Finished RTL Optimization Phase 1 : Time (s): cpu = 00:00:08 ; elapsed = 00:00:08 . Memory (MB): peak = 2224.066 ; gain = 505.441 ; free physical = 256 ; free virtual = 5177
---------------------------------------------------------------------------------
Netlist sorting complete. Time (s): cpu = 00:00:00 ; elapsed = 00:00:00 . Memory (MB): peak = 2230.004 ; gain = 0.000 ; free physical = 249 ; free virtual = 5171
INFO: [Netlist 29-17] Analyzing 1 Unisim elements for replacement
INFO: [Netlist 29-28] Unisim Transformation completed in 0 CPU seconds
INFO: [Project 1-570] Preparing netlist for logic optimization

Processing XDC Constraints
Initializing timing engine
Parsing XDC File [/home/adrian/github_repos/OV7670-PynqZ2/Progetto/OV7670-pynq/OV7670-pynq.gen/sources_1/bd/design_1/ip/design_1_clk_wiz_0_0/design_1_clk_wiz_0_0_ooc.xdc] for cell 'inst'
Finished Parsing XDC File [/home/adrian/github_repos/OV7670-PynqZ2/Progetto/OV7670-pynq/OV7670-pynq.gen/sources_1/bd/design_1/ip/design_1_clk_wiz_0_0/design_1_clk_wiz_0_0_ooc.xdc] for cell 'inst'
Parsing XDC File [/home/adrian/github_repos/OV7670-PynqZ2/Progetto/OV7670-pynq/OV7670-pynq.gen/sources_1/bd/design_1/ip/design_1_clk_wiz_0_0/design_1_clk_wiz_0_0_board.xdc] for cell 'inst'
Finished Parsing XDC File [/home/adrian/github_repos/OV7670-PynqZ2/Progetto/OV7670-pynq/OV7670-pynq.gen/sources_1/bd/design_1/ip/design_1_clk_wiz_0_0/design_1_clk_wiz_0_0_board.xdc] for cell 'inst'
Parsing XDC File [/home/adrian/github_repos/OV7670-PynqZ2/Progetto/OV7670-pynq/OV7670-pynq.gen/sources_1/bd/design_1/ip/design_1_clk_wiz_0_0/design_1_clk_wiz_0_0.xdc] for cell 'inst'
Finished Parsing XDC File [/home/adrian/github_repos/OV7670-PynqZ2/Progetto/OV7670-pynq/OV7670-pynq.gen/sources_1/bd/design_1/ip/design_1_clk_wiz_0_0/design_1_clk_wiz_0_0.xdc] for cell 'inst'
INFO: [Project 1-236] Implementation specific constraints were found while reading constraint file [/home/adrian/github_repos/OV7670-PynqZ2/Progetto/OV7670-pynq/OV7670-pynq.gen/sources_1/bd/design_1/ip/design_1_clk_wiz_0_0/design_1_clk_wiz_0_0.xdc]. These constraints will be ignored for synthesis but will be used in implementation. Impacted constraints are listed in the file [.Xil/design_1_clk_wiz_0_0_propImpl.xdc].
Resolution: To avoid this warning, move constraints listed in [.Xil/design_1_clk_wiz_0_0_propImpl.xdc] to another XDC file and exclude this new file from synthesis with the used_in_synthesis property (File Properties dialog in GUI) and re-run elaboration/synthesis.
INFO: [Timing 38-2] Deriving generated clocks
Parsing XDC File [/home/adrian/github_repos/OV7670-PynqZ2/Progetto/OV7670-pynq/OV7670-pynq.runs/design_1_clk_wiz_0_0_synth_1/dont_touch.xdc]
Finished Parsing XDC File [/home/adrian/github_repos/OV7670-PynqZ2/Progetto/OV7670-pynq/OV7670-pynq.runs/design_1_clk_wiz_0_0_synth_1/dont_touch.xdc]
Completed Processing XDC Constraints

Netlist sorting complete. Time (s): cpu = 00:00:00 ; elapsed = 00:00:00 . Memory (MB): peak = 2297.004 ; gain = 0.000 ; free physical = 207 ; free virtual = 5129
INFO: [Project 1-111] Unisim Transformation Summary:
No Unisim elements were transformed.

Constraint Validation Runtime : Time (s): cpu = 00:00:00.02 ; elapsed = 00:00:00.02 . Memory (MB): peak = 2297.039 ; gain = 0.000 ; free physical = 206 ; free virtual = 5128
INFO: [Designutils 20-5008] Incremental synthesis strategy off
---------------------------------------------------------------------------------
Finished Constraint Validation : Time (s): cpu = 00:00:16 ; elapsed = 00:00:16 . Memory (MB): peak = 2297.039 ; gain = 578.414 ; free physical = 454 ; free virtual = 5392
---------------------------------------------------------------------------------
---------------------------------------------------------------------------------
Start Loading Part and Timing Information
---------------------------------------------------------------------------------
Loading part: xc7z020clg400-1
---------------------------------------------------------------------------------
Finished Loading Part and Timing Information : Time (s): cpu = 00:00:16 ; elapsed = 00:00:16 . Memory (MB): peak = 2297.039 ; gain = 578.414 ; free physical = 454 ; free virtual = 5392
---------------------------------------------------------------------------------
---------------------------------------------------------------------------------
Start Applying 'set_property' XDC Constraints
---------------------------------------------------------------------------------
Applied set_property KEEP_HIERARCHY = SOFT for inst. (constraint file  /home/adrian/github_repos/OV7670-PynqZ2/Progetto/OV7670-pynq/OV7670-pynq.runs/design_1_clk_wiz_0_0_synth_1/dont_touch.xdc, line 9).
---------------------------------------------------------------------------------
Finished applying 'set_property' XDC Constraints : Time (s): cpu = 00:00:16 ; elapsed = 00:00:16 . Memory (MB): peak = 2297.039 ; gain = 578.414 ; free physical = 454 ; free virtual = 5392
---------------------------------------------------------------------------------
---------------------------------------------------------------------------------
Finished RTL Optimization Phase 2 : Time (s): cpu = 00:00:16 ; elapsed = 00:00:16 . Memory (MB): peak = 2297.039 ; gain = 578.414 ; free physical = 461 ; free virtual = 5388
---------------------------------------------------------------------------------
---------------------------------------------------------------------------------
Start RTL Component Statistics 
---------------------------------------------------------------------------------
Detailed RTL Component Info : 
---------------------------------------------------------------------------------
Finished RTL Component Statistics 
---------------------------------------------------------------------------------
---------------------------------------------------------------------------------
Start Part Resource Summary
---------------------------------------------------------------------------------
Part Resources:
DSPs: 220 (col length:60)
BRAMs: 280 (col length: RAMB18 60 RAMB36 30)
---------------------------------------------------------------------------------
Finished Part Resource Summary
---------------------------------------------------------------------------------
---------------------------------------------------------------------------------
Start Cross Boundary and Area Optimization
---------------------------------------------------------------------------------
WARNING: [Synth 8-7080] Parallel synthesis criteria is not met
---------------------------------------------------------------------------------
Finished Cross Boundary and Area Optimization : Time (s): cpu = 00:00:18 ; elapsed = 00:00:18 . Memory (MB): peak = 2297.039 ; gain = 578.414 ; free physical = 597 ; free virtual = 5570
---------------------------------------------------------------------------------
---------------------------------------------------------------------------------
Start Applying XDC Timing Constraints
---------------------------------------------------------------------------------
---------------------------------------------------------------------------------
Finished Applying XDC Timing Constraints : Time (s): cpu = 00:00:23 ; elapsed = 00:00:23 . Memory (MB): peak = 2297.039 ; gain = 578.414 ; free physical = 590 ; free virtual = 5561
---------------------------------------------------------------------------------
---------------------------------------------------------------------------------
Start Timing Optimization
---------------------------------------------------------------------------------
---------------------------------------------------------------------------------
Finished Timing Optimization : Time (s): cpu = 00:00:23 ; elapsed = 00:00:23 . Memory (MB): peak = 2297.039 ; gain = 578.414 ; free physical = 590 ; free virtual = 5561
---------------------------------------------------------------------------------
---------------------------------------------------------------------------------
Start Technology Mapping
---------------------------------------------------------------------------------
---------------------------------------------------------------------------------
Finished Technology Mapping : Time (s): cpu = 00:00:23 ; elapsed = 00:00:23 . Memory (MB): peak = 2297.039 ; gain = 578.414 ; free physical = 590 ; free virtual = 5561
---------------------------------------------------------------------------------
---------------------------------------------------------------------------------
Start IO Insertion
---------------------------------------------------------------------------------
---------------------------------------------------------------------------------
Start Flattening Before IO Insertion
---------------------------------------------------------------------------------
---------------------------------------------------------------------------------
Finished Flattening Before IO Insertion
---------------------------------------------------------------------------------
---------------------------------------------------------------------------------
Start Final Netlist Cleanup
---------------------------------------------------------------------------------
---------------------------------------------------------------------------------
Finished Final Netlist Cleanup
---------------------------------------------------------------------------------
---------------------------------------------------------------------------------
Finished IO Insertion : Time (s): cpu = 00:00:28 ; elapsed = 00:00:28 . Memory (MB): peak = 2297.039 ; gain = 578.414 ; free physical = 3272 ; free virtual = 8247
---------------------------------------------------------------------------------
---------------------------------------------------------------------------------
Start Renaming Generated Instances
---------------------------------------------------------------------------------
---------------------------------------------------------------------------------
Finished Renaming Generated Instances : Time (s): cpu = 00:00:28 ; elapsed = 00:00:28 . Memory (MB): peak = 2297.039 ; gain = 578.414 ; free physical = 3272 ; free virtual = 8247
---------------------------------------------------------------------------------
---------------------------------------------------------------------------------
Start Rebuilding User Hierarchy
---------------------------------------------------------------------------------
---------------------------------------------------------------------------------
Finished Rebuilding User Hierarchy : Time (s): cpu = 00:00:28 ; elapsed = 00:00:28 . Memory (MB): peak = 2297.039 ; gain = 578.414 ; free physical = 3272 ; free virtual = 8247
---------------------------------------------------------------------------------
---------------------------------------------------------------------------------
Start Renaming Generated Ports
---------------------------------------------------------------------------------
---------------------------------------------------------------------------------
Finished Renaming Generated Ports : Time (s): cpu = 00:00:28 ; elapsed = 00:00:28 . Memory (MB): peak = 2297.039 ; gain = 578.414 ; free physical = 3272 ; free virtual = 8247
---------------------------------------------------------------------------------
---------------------------------------------------------------------------------
Start Handling Custom Attributes
---------------------------------------------------------------------------------
---------------------------------------------------------------------------------
Finished Handling Custom Attributes : Time (s): cpu = 00:00:28 ; elapsed = 00:00:28 . Memory (MB): peak = 2297.039 ; gain = 578.414 ; free physical = 3272 ; free virtual = 8247
---------------------------------------------------------------------------------
---------------------------------------------------------------------------------
Start Renaming Generated Nets
---------------------------------------------------------------------------------
---------------------------------------------------------------------------------
Finished Renaming Generated Nets : Time (s): cpu = 00:00:28 ; elapsed = 00:00:28 . Memory (MB): peak = 2297.039 ; gain = 578.414 ; free physical = 3272 ; free virtual = 8247
---------------------------------------------------------------------------------
---------------------------------------------------------------------------------
Start Writing Synthesis Report
---------------------------------------------------------------------------------

Report BlackBoxes: 
+-+--------------+----------+
| |BlackBox name |Instances |
+-+--------------+----------+
+-+--------------+----------+

Report Cell Usage: 
+------+-----------+------+
|      |Cell       |Count |
+------+-----------+------+
|1     |BUFG       |     3|
|2     |MMCME2_ADV |     1|
|3     |IBUF       |     1|
+------+-----------+------+
---------------------------------------------------------------------------------
Finished Writing Synthesis Report : Time (s): cpu = 00:00:28 ; elapsed = 00:00:28 . Memory (MB): peak = 2297.039 ; gain = 578.414 ; free physical = 3272 ; free virtual = 8247
---------------------------------------------------------------------------------
Synthesis finished with 0 errors, 0 critical warnings and 1 warnings.
Synthesis Optimization Runtime : Time (s): cpu = 00:00:26 ; elapsed = 00:00:26 . Memory (MB): peak = 2297.039 ; gain = 505.441 ; free physical = 3224 ; free virtual = 8199
Synthesis Optimization Complete : Time (s): cpu = 00:00:28 ; elapsed = 00:00:28 . Memory (MB): peak = 2297.039 ; gain = 578.414 ; free physical = 3223 ; free virtual = 8199
INFO: [Project 1-571] Translating synthesized netlist
Netlist sorting complete. Time (s): cpu = 00:00:00 ; elapsed = 00:00:00 . Memory (MB): peak = 2297.039 ; gain = 0.000 ; free physical = 3219 ; free virtual = 8195
INFO: [Netlist 29-17] Analyzing 1 Unisim elements for replacement
INFO: [Netlist 29-28] Unisim Transformation completed in 0 CPU seconds
INFO: [Project 1-570] Preparing netlist for logic optimization
INFO: [Opt 31-138] Pushed 0 inverter(s) to 0 load pin(s).
Netlist sorting complete. Time (s): cpu = 00:00:00 ; elapsed = 00:00:00 . Memory (MB): peak = 2297.039 ; gain = 0.000 ; free physical = 3227 ; free virtual = 8202
INFO: [Project 1-111] Unisim Transformation Summary:
No Unisim elements were transformed.

Synth Design complete | Checksum: c91b5a6
INFO: [Common 17-83] Releasing license: Synthesis
34 Infos, 1 Warnings, 0 Critical Warnings and 0 Errors encountered.
synth_design completed successfully
synth_design: Time (s): cpu = 00:00:38 ; elapsed = 00:00:33 . Memory (MB): peak = 2297.039 ; gain = 926.914 ; free physical = 3214 ; free virtual = 8190
INFO: [Common 17-2834] synth_design peak Physical Memory [PSS] (MB): overall = 1733.472; main = 1429.868; forked = 327.464
INFO: [Common 17-2834] synth_design peak Virtual Memory [VSS] (MB): overall = 3286.172; main = 2297.008; forked = 989.164
Write ShapeDB Complete: Time (s): cpu = 00:00:00 ; elapsed = 00:00:00 . Memory (MB): peak = 2297.039 ; gain = 0.000 ; free physical = 3214 ; free virtual = 8190
INFO: [Common 17-1381] The checkpoint '/home/adrian/github_repos/OV7670-PynqZ2/Progetto/OV7670-pynq/OV7670-pynq.runs/design_1_clk_wiz_0_0_synth_1/design_1_clk_wiz_0_0.dcp' has been generated.
INFO: [Coretcl 2-1648] Added synthesis output to IP cache for IP design_1_clk_wiz_0_0, cache-ID = 37456db9c111efb1
Write ShapeDB Complete: Time (s): cpu = 00:00:00 ; elapsed = 00:00:00 . Memory (MB): peak = 2321.016 ; gain = 0.000 ; free physical = 3189 ; free virtual = 8197
INFO: [Common 17-1381] The checkpoint '/home/adrian/github_repos/OV7670-PynqZ2/Progetto/OV7670-pynq/OV7670-pynq.runs/design_1_clk_wiz_0_0_synth_1/design_1_clk_wiz_0_0.dcp' has been generated.
INFO: [runtcl-4] Executing : report_utilization -file design_1_clk_wiz_0_0_utilization_synth.rpt -pb design_1_clk_wiz_0_0_utilization_synth.pb
INFO: [Common 17-206] Exiting Vivado at Thu Apr 18 11:13:29 2024...
